<?xml version="1.0" encoding="UTF-8"?>
<!-- Generated by org.testng.reporters.JUnitReportReporter -->
<testsuite hostname="DESKTOP-TBIUCN6" failures="0" tests="2" name="baseDemo.FirstDemo" time="0.024" errors="0" timestamp="2023-12-05T11:36:15 IST" skipped="0">
  <testcase classname="baseDemo.FirstDemo" name="TC_001_getTitle" time="0.015"/>
  <testcase classname="baseDemo.FirstDemo" name="TC_002_getCurrentUrl" time="0.009"/>
</testsuite> <!-- baseDemo.FirstDemo -->
