<?xml version="1.0" encoding="UTF-8"?>
<!-- Generated by org.testng.reporters.JUnitReportReporter -->
<testsuite hostname="DESKTOP-TBIUCN6" failures="0" tests="1" name="baseDemo.FirstDemo" time="0.017" errors="0" timestamp="2023-12-05T11:08:38 IST" skipped="0">
  <testcase classname="baseDemo.FirstDemo" name="TC_001_getTitle" time="0.017"/>
</testsuite> <!-- baseDemo.FirstDemo -->
