<?xml version="1.0" encoding="UTF-8"?>
<!-- Generated by org.testng.reporters.JUnitReportReporter -->
<testsuite hostname="DESKTOP-TBIUCN6" failures="0" tests="3" name="baseDemo.FirstDemo" time="0.084" errors="0" timestamp="2023-12-05T12:14:31 IST" skipped="0">
  <testcase classname="baseDemo.FirstDemo" name="TC_001_getTitle" time="0.020"/>
  <testcase classname="baseDemo.FirstDemo" name="TC_002_getCurrentUrl" time="0.012"/>
  <testcase classname="baseDemo.FirstDemo" name="TC_003_elementIsDisplayed" time="0.052"/>
</testsuite> <!-- baseDemo.FirstDemo -->
